<?xml version="1.0" encoding="UTF-8"?>
<!-- Generated by org.testng.reporters.JUnitReportReporter -->
<testsuite hostname="DESKTOP-GRCB15Q" failures="0" tests="3" name="projectone.myclass" time="0.457" errors="0" timestamp="2023-09-23T01:22:12 EET" skipped="0">
  <testcase classname="projectone.myclass" name="flightsTabClicked" time="0.246"/>
  <system-out/>
  <testcase classname="projectone.myclass" name="defaultcurrency" time="0.111"/>
  <system-out/>
  <testcase classname="projectone.myclass" name="defaultIsArabic" time="0.100"/>
  <system-out/>
</testsuite> <!-- projectone.myclass -->
